[INFO ] 2019-07-31 15:19:29 [main] c.a.f.FileserviceApplication - No active profile set, falling back to default profiles: default
[INFO ] 2019-07-31 15:19:34 [main] o.s.cloud.context.scope.GenericScope - BeanFactory id=31810cc4-12b7-340e-a348-cb3d58494a6f
[INFO ] 2019-07-31 15:19:34 [main] o.s.c.s.PostProcessorRegistrationDelegate$BeanPostProcessorChecker - Bean 'org.springframework.transaction.annotation.ProxyTransactionManagementConfiguration' of type [org.springframework.transaction.annotation.ProxyTransactionManagementConfiguration$$EnhancerBySpringCGLIB$$548e756c] is not eligible for getting processed by all BeanPostProcessors (for example: not eligible for auto-proxying)
[INFO ] 2019-07-31 15:19:34 [main] o.s.c.s.PostProcessorRegistrationDelegate$BeanPostProcessorChecker - Bean 'org.springframework.cloud.autoconfigure.ConfigurationPropertiesRebinderAutoConfiguration' of type [org.springframework.cloud.autoconfigure.ConfigurationPropertiesRebinderAutoConfiguration$$EnhancerBySpringCGLIB$$70a87869] is not eligible for getting processed by all BeanPostProcessors (for example: not eligible for auto-proxying)
[INFO ] 2019-07-31 15:19:35 [main] o.s.b.w.e.tomcat.TomcatWebServer - Tomcat initialized with port(s): 9081 (http)
[INFO ] 2019-07-31 15:19:35 [main] o.a.catalina.core.StandardService - Starting service [Tomcat]
[INFO ] 2019-07-31 15:19:35 [main] o.a.catalina.core.StandardEngine - Starting Servlet engine: [Apache Tomcat/9.0.21]
[INFO ] 2019-07-31 15:19:36 [main] o.a.c.c.C.[Tomcat].[localhost].[/] - Initializing Spring embedded WebApplicationContext
[INFO ] 2019-07-31 15:19:36 [main] o.s.web.context.ContextLoader - Root WebApplicationContext: initialization completed in 6928 ms
[INFO ] 2019-07-31 15:19:37 [main] c.a.d.s.b.a.DruidDataSourceAutoConfigure - Init DruidDataSource
[INFO ] 2019-07-31 15:19:37 [main] c.alibaba.druid.pool.DruidDataSource - {dataSource-1} inited
[INFO ] 2019-07-31 15:19:41 [main] s.d.s.w.PropertySourcedRequestMappingHandlerMapping - Mapped URL path [/v2/api-docs] onto method [public org.springframework.http.ResponseEntity<springfox.documentation.spring.web.json.Json> springfox.documentation.swagger2.web.Swagger2Controller.getDocumentation(java.lang.String,javax.servlet.http.HttpServletRequest)]
[INFO ] 2019-07-31 15:19:41 [main] c.n.c.sources.URLConfigurationSource - To enable URLs as dynamic configuration sources, define System property archaius.configurationSource.additionalUrls or make config.properties available on classpath.
[INFO ] 2019-07-31 15:19:41 [main] c.n.c.sources.URLConfigurationSource - To enable URLs as dynamic configuration sources, define System property archaius.configurationSource.additionalUrls or make config.properties available on classpath.
[INFO ] 2019-07-31 15:19:42 [main] o.s.s.c.ThreadPoolTaskExecutor - Initializing ExecutorService 'applicationTaskExecutor'
[INFO ] 2019-07-31 15:19:45 [main] o.s.c.n.eureka.InstanceInfoFactory - Setting initial instance status as: STARTING
[INFO ] 2019-07-31 15:19:45 [main] c.netflix.discovery.DiscoveryClient - Initializing Eureka in region us-east-1
[INFO ] 2019-07-31 15:19:45 [main] c.n.d.p.DiscoveryJerseyProvider - Using JSON encoding codec LegacyJacksonJson
[INFO ] 2019-07-31 15:19:45 [main] c.n.d.p.DiscoveryJerseyProvider - Using JSON decoding codec LegacyJacksonJson
[INFO ] 2019-07-31 15:19:45 [main] c.n.d.p.DiscoveryJerseyProvider - Using XML encoding codec XStreamXml
[INFO ] 2019-07-31 15:19:45 [main] c.n.d.p.DiscoveryJerseyProvider - Using XML decoding codec XStreamXml
[INFO ] 2019-07-31 15:19:46 [main] c.n.d.s.r.aws.ConfigClusterResolver - Resolving eureka endpoints via configuration
[INFO ] 2019-07-31 15:19:46 [main] c.netflix.discovery.DiscoveryClient - Disable delta property : false
[INFO ] 2019-07-31 15:19:46 [main] c.netflix.discovery.DiscoveryClient - Single vip registry refresh property : null
[INFO ] 2019-07-31 15:19:46 [main] c.netflix.discovery.DiscoveryClient - Force full registry fetch : false
[INFO ] 2019-07-31 15:19:46 [main] c.netflix.discovery.DiscoveryClient - Application is null : false
[INFO ] 2019-07-31 15:19:46 [main] c.netflix.discovery.DiscoveryClient - Registered Applications size is zero : true
[INFO ] 2019-07-31 15:19:46 [main] c.netflix.discovery.DiscoveryClient - Application version is -1: true
[INFO ] 2019-07-31 15:19:46 [main] c.netflix.discovery.DiscoveryClient - Getting all instance registry info from the eureka server
[INFO ] 2019-07-31 15:19:47 [main] c.netflix.discovery.DiscoveryClient - The response status is 200
[INFO ] 2019-07-31 15:19:47 [main] c.netflix.discovery.DiscoveryClient - Starting heartbeat executor: renew interval is: 30
[INFO ] 2019-07-31 15:19:47 [main] c.n.discovery.InstanceInfoReplicator - InstanceInfoReplicator onDemand update allowed rate per min is 4
[INFO ] 2019-07-31 15:19:47 [main] c.netflix.discovery.DiscoveryClient - Discovery Client initialized at timestamp 1564557587407 with initial instances count: 2
[INFO ] 2019-07-31 15:19:47 [main] o.s.c.n.e.s.EurekaServiceRegistry - Registering application FILE-SERVICE with eureka with status UP
[INFO ] 2019-07-31 15:19:47 [main] c.netflix.discovery.DiscoveryClient - Saw local status change event StatusChangeEvent [timestamp=1564557587419, current=UP, previous=STARTING]
[INFO ] 2019-07-31 15:19:47 [DiscoveryClient-InstanceInfoReplicator-0] c.netflix.discovery.DiscoveryClient - DiscoveryClient_FILE-SERVICE/CNPB0311YE.atrapa.deloitte.com:file-service:9081: registering service...
[INFO ] 2019-07-31 15:19:47 [main] s.d.s.w.p.DocumentationPluginsBootstrapper - Context refreshed
[INFO ] 2019-07-31 15:19:47 [main] s.d.s.w.p.DocumentationPluginsBootstrapper - Found 1 custom documentation plugin(s)
[INFO ] 2019-07-31 15:19:47 [DiscoveryClient-InstanceInfoReplicator-0] c.netflix.discovery.DiscoveryClient - DiscoveryClient_FILE-SERVICE/CNPB0311YE.atrapa.deloitte.com:file-service:9081 - registration status: 204
[INFO ] 2019-07-31 15:19:47 [main] s.d.s.w.s.ApiListingReferenceScanner - Scanning for api listing references
[INFO ] 2019-07-31 15:19:48 [main] o.s.b.w.e.tomcat.TomcatWebServer - Tomcat started on port(s): 9081 (http) with context path ''
[INFO ] 2019-07-31 15:19:48 [main] o.s.c.n.e.s.EurekaAutoServiceRegistration - Updating port to 9081
[INFO ] 2019-07-31 15:19:48 [main] c.a.f.FileserviceApplication - Started FileserviceApplication in 23.521 seconds (JVM running for 28.431)
[INFO ] 2019-07-31 15:20:22 [DiscoveryClient-HeartbeatExecutor-0] c.n.d.s.t.d.RetryableEurekaHttpClient - Request execution succeeded on retry #1
[INFO ] 2019-07-31 15:24:46 [AsyncResolver-bootstrap-executor-0] c.n.d.s.r.aws.ConfigClusterResolver - Resolving eureka endpoints via configuration
[INFO ] 2019-07-31 15:29:46 [AsyncResolver-bootstrap-executor-0] c.n.d.s.r.aws.ConfigClusterResolver - Resolving eureka endpoints via configuration
[INFO ] 2019-07-31 15:34:46 [AsyncResolver-bootstrap-executor-0] c.n.d.s.r.aws.ConfigClusterResolver - Resolving eureka endpoints via configuration
[INFO ] 2019-07-31 15:39:46 [AsyncResolver-bootstrap-executor-0] c.n.d.s.r.aws.ConfigClusterResolver - Resolving eureka endpoints via configuration
[INFO ] 2019-07-31 15:41:33 [Thread-51] o.s.c.n.e.s.EurekaServiceRegistry - Unregistering application FILE-SERVICE with eureka with status DOWN
[INFO ] 2019-07-31 15:41:33 [DiscoveryClient-InstanceInfoReplicator-0] c.netflix.discovery.DiscoveryClient - DiscoveryClient_FILE-SERVICE/CNPB0311YE.atrapa.deloitte.com:file-service:9081: registering service...
[INFO ] 2019-07-31 15:41:33 [Thread-51] o.s.j.e.a.AnnotationMBeanExporter - Could not unregister MBean [com.github.tobato.fastdfs.domain.conn:name=fdfsConnectionPool,type=FdfsConnectionPool] as said MBean is not registered (perhaps already unregistered by an external process)
[INFO ] 2019-07-31 15:41:33 [Thread-51] o.s.s.c.ThreadPoolTaskExecutor - Shutting down ExecutorService 'applicationTaskExecutor'
[INFO ] 2019-07-31 15:41:33 [Thread-51] c.alibaba.druid.pool.DruidDataSource - {dataSource-1} closed
[INFO ] 2019-07-31 15:41:33 [Thread-51] c.netflix.discovery.DiscoveryClient - Shutting down DiscoveryClient ...
[INFO ] 2019-07-31 15:41:33 [DiscoveryClient-InstanceInfoReplicator-0] c.netflix.discovery.DiscoveryClient - DiscoveryClient_FILE-SERVICE/CNPB0311YE.atrapa.deloitte.com:file-service:9081 - registration status: 204
[INFO ] 2019-07-31 15:41:33 [Thread-51] c.netflix.discovery.DiscoveryClient - Unregistering ...
[INFO ] 2019-07-31 15:41:33 [Thread-51] c.netflix.discovery.DiscoveryClient - DiscoveryClient_FILE-SERVICE/CNPB0311YE.atrapa.deloitte.com:file-service:9081 - deregister  status: 200
[INFO ] 2019-07-31 15:41:33 [Thread-51] c.netflix.discovery.DiscoveryClient - Completed shut down of DiscoveryClient
[INFO ] 2019-07-31 15:42:05 [main] c.a.f.FileserviceApplication - No active profile set, falling back to default profiles: default
[INFO ] 2019-07-31 15:42:08 [main] o.s.cloud.context.scope.GenericScope - BeanFactory id=31810cc4-12b7-340e-a348-cb3d58494a6f
[INFO ] 2019-07-31 15:42:08 [main] o.s.c.s.PostProcessorRegistrationDelegate$BeanPostProcessorChecker - Bean 'org.springframework.transaction.annotation.ProxyTransactionManagementConfiguration' of type [org.springframework.transaction.annotation.ProxyTransactionManagementConfiguration$$EnhancerBySpringCGLIB$$d073c651] is not eligible for getting processed by all BeanPostProcessors (for example: not eligible for auto-proxying)
[INFO ] 2019-07-31 15:42:09 [main] o.s.c.s.PostProcessorRegistrationDelegate$BeanPostProcessorChecker - Bean 'org.springframework.cloud.autoconfigure.ConfigurationPropertiesRebinderAutoConfiguration' of type [org.springframework.cloud.autoconfigure.ConfigurationPropertiesRebinderAutoConfiguration$$EnhancerBySpringCGLIB$$ec8dc94e] is not eligible for getting processed by all BeanPostProcessors (for example: not eligible for auto-proxying)
[INFO ] 2019-07-31 15:42:09 [main] o.s.b.w.e.tomcat.TomcatWebServer - Tomcat initialized with port(s): 9081 (http)
[INFO ] 2019-07-31 15:42:09 [main] o.a.catalina.core.StandardService - Starting service [Tomcat]
[INFO ] 2019-07-31 15:42:09 [main] o.a.catalina.core.StandardEngine - Starting Servlet engine: [Apache Tomcat/9.0.21]
[INFO ] 2019-07-31 15:42:10 [main] o.a.c.c.C.[Tomcat].[localhost].[/] - Initializing Spring embedded WebApplicationContext
[INFO ] 2019-07-31 15:42:10 [main] o.s.web.context.ContextLoader - Root WebApplicationContext: initialization completed in 5406 ms
[INFO ] 2019-07-31 15:42:11 [main] c.a.d.s.b.a.DruidDataSourceAutoConfigure - Init DruidDataSource
[INFO ] 2019-07-31 15:42:11 [main] c.alibaba.druid.pool.DruidDataSource - {dataSource-1} inited
[INFO ] 2019-07-31 15:42:15 [main] s.d.s.w.PropertySourcedRequestMappingHandlerMapping - Mapped URL path [/v2/api-docs] onto method [public org.springframework.http.ResponseEntity<springfox.documentation.spring.web.json.Json> springfox.documentation.swagger2.web.Swagger2Controller.getDocumentation(java.lang.String,javax.servlet.http.HttpServletRequest)]
[INFO ] 2019-07-31 15:42:15 [main] c.n.c.sources.URLConfigurationSource - To enable URLs as dynamic configuration sources, define System property archaius.configurationSource.additionalUrls or make config.properties available on classpath.
[INFO ] 2019-07-31 15:42:15 [main] c.n.c.sources.URLConfigurationSource - To enable URLs as dynamic configuration sources, define System property archaius.configurationSource.additionalUrls or make config.properties available on classpath.
[INFO ] 2019-07-31 15:42:15 [main] o.s.s.c.ThreadPoolTaskExecutor - Initializing ExecutorService 'applicationTaskExecutor'
[INFO ] 2019-07-31 15:42:18 [main] o.s.c.n.eureka.InstanceInfoFactory - Setting initial instance status as: STARTING
[INFO ] 2019-07-31 15:42:18 [main] c.netflix.discovery.DiscoveryClient - Initializing Eureka in region us-east-1
[INFO ] 2019-07-31 15:42:18 [main] c.n.d.p.DiscoveryJerseyProvider - Using JSON encoding codec LegacyJacksonJson
[INFO ] 2019-07-31 15:42:18 [main] c.n.d.p.DiscoveryJerseyProvider - Using JSON decoding codec LegacyJacksonJson
[INFO ] 2019-07-31 15:42:19 [main] c.n.d.p.DiscoveryJerseyProvider - Using XML encoding codec XStreamXml
[INFO ] 2019-07-31 15:42:19 [main] c.n.d.p.DiscoveryJerseyProvider - Using XML decoding codec XStreamXml
[INFO ] 2019-07-31 15:42:19 [main] c.n.d.s.r.aws.ConfigClusterResolver - Resolving eureka endpoints via configuration
[INFO ] 2019-07-31 15:42:20 [main] c.netflix.discovery.DiscoveryClient - Disable delta property : false
[INFO ] 2019-07-31 15:42:20 [main] c.netflix.discovery.DiscoveryClient - Single vip registry refresh property : null
[INFO ] 2019-07-31 15:42:20 [main] c.netflix.discovery.DiscoveryClient - Force full registry fetch : false
[INFO ] 2019-07-31 15:42:20 [main] c.netflix.discovery.DiscoveryClient - Application is null : false
[INFO ] 2019-07-31 15:42:20 [main] c.netflix.discovery.DiscoveryClient - Registered Applications size is zero : true
[INFO ] 2019-07-31 15:42:20 [main] c.netflix.discovery.DiscoveryClient - Application version is -1: true
[INFO ] 2019-07-31 15:42:20 [main] c.netflix.discovery.DiscoveryClient - Getting all instance registry info from the eureka server
[INFO ] 2019-07-31 15:42:20 [main] c.netflix.discovery.DiscoveryClient - The response status is 200
[INFO ] 2019-07-31 15:42:20 [main] c.netflix.discovery.DiscoveryClient - Starting heartbeat executor: renew interval is: 30
[INFO ] 2019-07-31 15:42:20 [main] c.n.discovery.InstanceInfoReplicator - InstanceInfoReplicator onDemand update allowed rate per min is 4
[INFO ] 2019-07-31 15:42:20 [main] c.netflix.discovery.DiscoveryClient - Discovery Client initialized at timestamp 1564558940962 with initial instances count: 2
[INFO ] 2019-07-31 15:42:20 [main] o.s.c.n.e.s.EurekaServiceRegistry - Registering application FILE-SERVICE with eureka with status UP
[INFO ] 2019-07-31 15:42:20 [main] c.netflix.discovery.DiscoveryClient - Saw local status change event StatusChangeEvent [timestamp=1564558940978, current=UP, previous=STARTING]
[INFO ] 2019-07-31 15:42:20 [DiscoveryClient-InstanceInfoReplicator-0] c.netflix.discovery.DiscoveryClient - DiscoveryClient_FILE-SERVICE/10.253.18.171:9081: registering service...
[INFO ] 2019-07-31 15:42:20 [main] s.d.s.w.p.DocumentationPluginsBootstrapper - Context refreshed
[INFO ] 2019-07-31 15:42:21 [main] s.d.s.w.p.DocumentationPluginsBootstrapper - Found 1 custom documentation plugin(s)
[INFO ] 2019-07-31 15:42:21 [DiscoveryClient-InstanceInfoReplicator-0] c.netflix.discovery.DiscoveryClient - DiscoveryClient_FILE-SERVICE/10.253.18.171:9081 - registration status: 204
[INFO ] 2019-07-31 15:42:21 [main] s.d.s.w.s.ApiListingReferenceScanner - Scanning for api listing references
[INFO ] 2019-07-31 15:42:21 [main] o.s.b.w.e.tomcat.TomcatWebServer - Tomcat started on port(s): 9081 (http) with context path ''
[INFO ] 2019-07-31 15:42:21 [main] o.s.c.n.e.s.EurekaAutoServiceRegistration - Updating port to 9081
[INFO ] 2019-07-31 15:42:21 [main] c.a.f.FileserviceApplication - Started FileserviceApplication in 21.485 seconds (JVM running for 26.972)
[INFO ] 2019-07-31 15:42:47 [http-nio-9081-exec-1] o.a.c.c.C.[Tomcat].[localhost].[/] - Initializing Spring DispatcherServlet 'dispatcherServlet'
[INFO ] 2019-07-31 15:42:47 [http-nio-9081-exec-1] o.s.web.servlet.DispatcherServlet - Initializing Servlet 'dispatcherServlet'
[INFO ] 2019-07-31 15:42:47 [http-nio-9081-exec-1] o.s.web.servlet.DispatcherServlet - Completed initialization in 37 ms
[INFO ] 2019-07-31 15:42:48 [http-nio-9081-exec-1] c.a.f.config.ControllerInterceptor - RequestURL : /error
[INFO ] 2019-07-31 15:42:48 [http-nio-9081-exec-1] c.a.f.config.ControllerInterceptor - RequestTarget : FILE-SERVICE.BasicErrorController.errorHtml
[INFO ] 2019-07-31 15:42:48 [http-nio-9081-exec-1] c.a.f.config.ControllerInterceptor - method startTime:-------------1564558968005
[INFO ] 2019-07-31 15:42:48 [http-nio-9081-exec-1] c.a.f.config.ControllerInterceptor - RequestParam : org.apache.catalina.core.ApplicationHttpRequest@4a727a85
[INFO ] 2019-07-31 15:42:48 [http-nio-9081-exec-1] c.a.f.config.ControllerInterceptor - RequestParam : org.apache.catalina.connector.ResponseFacade@8c5d5a
[INFO ] 2019-07-31 15:42:48 [http-nio-9081-exec-1] c.a.f.config.ControllerInterceptor - result: {"empty":false,"model":{"timestamp":1564558968021,"status":404,"error":"Not Found","message":"No message available","path":"/actuator/info"},"modelMap":{"$ref":"$.model"},"reference":true,"viewName":"error"}
[INFO ] 2019-07-31 15:42:48 [http-nio-9081-exec-1] c.a.f.config.ControllerInterceptor - Internal Method Cost Time: 128ms
[INFO ] 2019-07-31 15:47:20 [AsyncResolver-bootstrap-executor-0] c.n.d.s.r.aws.ConfigClusterResolver - Resolving eureka endpoints via configuration
[INFO ] 2019-07-31 15:48:29 [main] c.a.f.FileserviceApplicationTests - No active profile set, falling back to default profiles: default
[INFO ] 2019-07-31 15:48:34 [main] o.s.cloud.context.scope.GenericScope - BeanFactory id=cbd232ab-eec5-39fb-8af4-d1fc0bde9de0
[INFO ] 2019-07-31 15:48:35 [main] o.s.c.s.PostProcessorRegistrationDelegate$BeanPostProcessorChecker - Bean 'org.springframework.transaction.annotation.ProxyTransactionManagementConfiguration' of type [org.springframework.transaction.annotation.ProxyTransactionManagementConfiguration$$EnhancerBySpringCGLIB$$5ab2e752] is not eligible for getting processed by all BeanPostProcessors (for example: not eligible for auto-proxying)
[INFO ] 2019-07-31 15:48:35 [main] o.s.c.s.PostProcessorRegistrationDelegate$BeanPostProcessorChecker - Bean 'org.springframework.cloud.autoconfigure.ConfigurationPropertiesRebinderAutoConfiguration' of type [org.springframework.cloud.autoconfigure.ConfigurationPropertiesRebinderAutoConfiguration$$EnhancerBySpringCGLIB$$76ccea4f] is not eligible for getting processed by all BeanPostProcessors (for example: not eligible for auto-proxying)
[INFO ] 2019-07-31 15:48:36 [main] c.a.d.s.b.a.DruidDataSourceAutoConfigure - Init DruidDataSource
[INFO ] 2019-07-31 15:48:36 [main] c.alibaba.druid.pool.DruidDataSource - {dataSource-1} inited
[INFO ] 2019-07-31 15:48:44 [main] s.d.s.w.PropertySourcedRequestMappingHandlerMapping - Mapped URL path [/v2/api-docs] onto method [public org.springframework.http.ResponseEntity<springfox.documentation.spring.web.json.Json> springfox.documentation.swagger2.web.Swagger2Controller.getDocumentation(java.lang.String,javax.servlet.http.HttpServletRequest)]
[INFO ] 2019-07-31 15:48:48 [main] c.n.c.sources.URLConfigurationSource - To enable URLs as dynamic configuration sources, define System property archaius.configurationSource.additionalUrls or make config.properties available on classpath.
[INFO ] 2019-07-31 15:48:48 [main] c.n.c.sources.URLConfigurationSource - To enable URLs as dynamic configuration sources, define System property archaius.configurationSource.additionalUrls or make config.properties available on classpath.
[INFO ] 2019-07-31 15:48:51 [main] o.s.s.c.ThreadPoolTaskExecutor - Initializing ExecutorService 'applicationTaskExecutor'
[INFO ] 2019-07-31 15:48:58 [main] s.d.s.w.p.DocumentationPluginsBootstrapper - Context refreshed
[INFO ] 2019-07-31 15:48:59 [main] s.d.s.w.p.DocumentationPluginsBootstrapper - Found 1 custom documentation plugin(s)
[INFO ] 2019-07-31 15:48:59 [main] s.d.s.w.s.ApiListingReferenceScanner - Scanning for api listing references
[INFO ] 2019-07-31 15:49:00 [main] c.a.f.FileserviceApplicationTests - Started FileserviceApplicationTests in 37.062 seconds (JVM running for 41.218)
[INFO ] 2019-07-31 15:49:03 [Thread-5] o.s.c.n.eureka.InstanceInfoFactory - Setting initial instance status as: STARTING
[INFO ] 2019-07-31 15:49:03 [Thread-5] o.s.c.n.e.s.EurekaServiceRegistry - Unregistering application FILE-SERVICE with eureka with status DOWN
[INFO ] 2019-07-31 15:49:03 [Thread-5] o.s.j.e.a.AnnotationMBeanExporter - Could not unregister MBean [com.github.tobato.fastdfs.domain.conn:name=fdfsConnectionPool,type=FdfsConnectionPool] as said MBean is not registered (perhaps already unregistered by an external process)
[INFO ] 2019-07-31 15:49:03 [Thread-5] o.s.s.c.ThreadPoolTaskExecutor - Shutting down ExecutorService 'applicationTaskExecutor'
[INFO ] 2019-07-31 15:49:03 [Thread-5] c.alibaba.druid.pool.DruidDataSource - {dataSource-1} closed
